<?xml version="1.0" encoding="UTF-8"?>
<testsuite xmlns:xsi="http://www.w3.org/2001/XMLSchema-instance" xsi:noNamespaceSchemaLocation="https://maven.apache.org/surefire/maven-surefire-plugin/xsd/surefire-test-report.xsd" name="hello.HomePageTest" time="2.971" tests="3" errors="0" skipped="0" failures="0">
  <properties>
    <property name="awt.toolkit" value="sun.awt.X11.XToolkit"/>
    <property name="java.specification.version" value="11"/>
    <property name="sun.cpu.isalist" value=""/>
    <property name="sun.jnu.encoding" value="UTF-8"/>
    <property name="java.class.path" value="/cs/student/johnsonku/cs56/lab07-jku876/target/test-classes:/cs/student/johnsonku/cs56/lab07-jku876/target/classes:/cs/student/johnsonku/.m2/repository/org/springframework/boot/spring-boot-starter-web/2.0.5.RELEASE/spring-boot-starter-web-2.0.5.RELEASE.jar:/cs/student/johnsonku/.m2/repository/org/springframework/boot/spring-boot-starter/2.0.5.RELEASE/spring-boot-starter-2.0.5.RELEASE.jar:/cs/student/johnsonku/.m2/repository/org/springframework/boot/spring-boot-starter-logging/2.0.5.RELEASE/spring-boot-starter-logging-2.0.5.RELEASE.jar:/cs/student/johnsonku/.m2/repository/ch/qos/logback/logback-classic/1.2.3/logback-classic-1.2.3.jar:/cs/student/johnsonku/.m2/repository/ch/qos/logback/logback-core/1.2.3/logback-core-1.2.3.jar:/cs/student/johnsonku/.m2/repository/org/apache/logging/log4j/log4j-to-slf4j/2.10.0/log4j-to-slf4j-2.10.0.jar:/cs/student/johnsonku/.m2/repository/org/apache/logging/log4j/log4j-api/2.10.0/log4j-api-2.10.0.jar:/cs/student/johnsonku/.m2/repository/org/slf4j/jul-to-slf4j/1.7.25/jul-to-slf4j-1.7.25.jar:/cs/student/johnsonku/.m2/repository/javax/annotation/javax.annotation-api/1.3.2/javax.annotation-api-1.3.2.jar:/cs/student/johnsonku/.m2/repository/org/yaml/snakeyaml/1.19/snakeyaml-1.19.jar:/cs/student/johnsonku/.m2/repository/org/springframework/boot/spring-boot-starter-json/2.0.5.RELEASE/spring-boot-starter-json-2.0.5.RELEASE.jar:/cs/student/johnsonku/.m2/repository/com/fasterxml/jackson/core/jackson-databind/2.9.6/jackson-databind-2.9.6.jar:/cs/student/johnsonku/.m2/repository/com/fasterxml/jackson/core/jackson-annotations/2.9.0/jackson-annotations-2.9.0.jar:/cs/student/johnsonku/.m2/repository/com/fasterxml/jackson/core/jackson-core/2.9.6/jackson-core-2.9.6.jar:/cs/student/johnsonku/.m2/repository/com/fasterxml/jackson/datatype/jackson-datatype-jdk8/2.9.6/jackson-datatype-jdk8-2.9.6.jar:/cs/student/johnsonku/.m2/repository/com/fasterxml/jackson/datatype/jackson-datatype-jsr310/2.9.6/jackson-datatype-jsr310-2.9.6.jar:/cs/student/johnsonku/.m2/repository/com/fasterxml/jackson/module/jackson-module-parameter-names/2.9.6/jackson-module-parameter-names-2.9.6.jar:/cs/student/johnsonku/.m2/repository/org/springframework/boot/spring-boot-starter-tomcat/2.0.5.RELEASE/spring-boot-starter-tomcat-2.0.5.RELEASE.jar:/cs/student/johnsonku/.m2/repository/org/apache/tomcat/embed/tomcat-embed-core/8.5.34/tomcat-embed-core-8.5.34.jar:/cs/student/johnsonku/.m2/repository/org/apache/tomcat/embed/tomcat-embed-el/8.5.34/tomcat-embed-el-8.5.34.jar:/cs/student/johnsonku/.m2/repository/org/apache/tomcat/embed/tomcat-embed-websocket/8.5.34/tomcat-embed-websocket-8.5.34.jar:/cs/student/johnsonku/.m2/repository/org/hibernate/validator/hibernate-validator/6.0.12.Final/hibernate-validator-6.0.12.Final.jar:/cs/student/johnsonku/.m2/repository/javax/validation/validation-api/2.0.1.Final/validation-api-2.0.1.Final.jar:/cs/student/johnsonku/.m2/repository/org/jboss/logging/jboss-logging/3.3.2.Final/jboss-logging-3.3.2.Final.jar:/cs/student/johnsonku/.m2/repository/com/fasterxml/classmate/1.3.4/classmate-1.3.4.jar:/cs/student/johnsonku/.m2/repository/org/springframework/spring-web/5.0.9.RELEASE/spring-web-5.0.9.RELEASE.jar:/cs/student/johnsonku/.m2/repository/org/springframework/spring-beans/5.0.9.RELEASE/spring-beans-5.0.9.RELEASE.jar:/cs/student/johnsonku/.m2/repository/org/springframework/spring-webmvc/5.0.9.RELEASE/spring-webmvc-5.0.9.RELEASE.jar:/cs/student/johnsonku/.m2/repository/org/springframework/spring-context/5.0.9.RELEASE/spring-context-5.0.9.RELEASE.jar:/cs/student/johnsonku/.m2/repository/org/springframework/spring-expression/5.0.9.RELEASE/spring-expression-5.0.9.RELEASE.jar:/cs/student/johnsonku/.m2/repository/org/springframework/boot/spring-boot-starter-thymeleaf/2.0.5.RELEASE/spring-boot-starter-thymeleaf-2.0.5.RELEASE.jar:/cs/student/johnsonku/.m2/repository/org/thymeleaf/thymeleaf-spring5/3.0.9.RELEASE/thymeleaf-spring5-3.0.9.RELEASE.jar:/cs/student/johnsonku/.m2/repository/org/thymeleaf/thymeleaf/3.0.9.RELEASE/thymeleaf-3.0.9.RELEASE.jar:/cs/student/johnsonku/.m2/repository/org/attoparser/attoparser/2.0.4.RELEASE/attoparser-2.0.4.RELEASE.jar:/cs/student/johnsonku/.m2/repository/org/unbescape/unbescape/1.1.5.RELEASE/unbescape-1.1.5.RELEASE.jar:/cs/student/johnsonku/.m2/repository/org/thymeleaf/extras/thymeleaf-extras-java8time/3.0.1.RELEASE/thymeleaf-extras-java8time-3.0.1.RELEASE.jar:/cs/student/johnsonku/.m2/repository/org/springframework/boot/spring-boot-starter-security/2.0.5.RELEASE/spring-boot-starter-security-2.0.5.RELEASE.jar:/cs/student/johnsonku/.m2/repository/org/springframework/spring-aop/5.0.9.RELEASE/spring-aop-5.0.9.RELEASE.jar:/cs/student/johnsonku/.m2/repository/org/springframework/security/spring-security-config/5.0.8.RELEASE/spring-security-config-5.0.8.RELEASE.jar:/cs/student/johnsonku/.m2/repository/org/springframework/security/spring-security-web/5.0.8.RELEASE/spring-security-web-5.0.8.RELEASE.jar:/cs/student/johnsonku/.m2/repository/org/springframework/boot/spring-boot-devtools/2.0.5.RELEASE/spring-boot-devtools-2.0.5.RELEASE.jar:/cs/student/johnsonku/.m2/repository/org/springframework/boot/spring-boot/2.0.5.RELEASE/spring-boot-2.0.5.RELEASE.jar:/cs/student/johnsonku/.m2/repository/org/springframework/boot/spring-boot-autoconfigure/2.0.5.RELEASE/spring-boot-autoconfigure-2.0.5.RELEASE.jar:/cs/student/johnsonku/.m2/repository/org/springframework/security/spring-security-oauth2-client/5.0.8.RELEASE/spring-security-oauth2-client-5.0.8.RELEASE.jar:/cs/student/johnsonku/.m2/repository/com/nimbusds/oauth2-oidc-sdk/5.64.4/oauth2-oidc-sdk-5.64.4.jar:/cs/student/johnsonku/.m2/repository/com/sun/mail/javax.mail/1.6.2/javax.mail-1.6.2.jar:/cs/student/johnsonku/.m2/repository/javax/activation/activation/1.1/activation-1.1.jar:/cs/student/johnsonku/.m2/repository/com/github/stephenc/jcip/jcip-annotations/1.0-1/jcip-annotations-1.0-1.jar:/cs/student/johnsonku/.m2/repository/net/minidev/json-smart/2.3/json-smart-2.3.jar:/cs/student/johnsonku/.m2/repository/net/minidev/accessors-smart/1.2/accessors-smart-1.2.jar:/cs/student/johnsonku/.m2/repository/org/ow2/asm/asm/5.0.4/asm-5.0.4.jar:/cs/student/johnsonku/.m2/repository/com/nimbusds/lang-tag/1.4.4/lang-tag-1.4.4.jar:/cs/student/johnsonku/.m2/repository/org/springframework/security/spring-security-core/5.0.8.RELEASE/spring-security-core-5.0.8.RELEASE.jar:/cs/student/johnsonku/.m2/repository/org/springframework/security/spring-security-oauth2-core/5.0.8.RELEASE/spring-security-oauth2-core-5.0.8.RELEASE.jar:/cs/student/johnsonku/.m2/repository/org/springframework/spring-core/5.0.9.RELEASE/spring-core-5.0.9.RELEASE.jar:/cs/student/johnsonku/.m2/repository/org/springframework/spring-jcl/5.0.9.RELEASE/spring-jcl-5.0.9.RELEASE.jar:/cs/student/johnsonku/.m2/repository/org/springframework/security/spring-security-oauth2-jose/5.0.8.RELEASE/spring-security-oauth2-jose-5.0.8.RELEASE.jar:/cs/student/johnsonku/.m2/repository/com/nimbusds/nimbus-jose-jwt/5.14/nimbus-jose-jwt-5.14.jar:/cs/student/johnsonku/.m2/repository/org/springframework/boot/spring-boot-starter-test/2.0.5.RELEASE/spring-boot-starter-test-2.0.5.RELEASE.jar:/cs/student/johnsonku/.m2/repository/org/springframework/boot/spring-boot-test/2.0.5.RELEASE/spring-boot-test-2.0.5.RELEASE.jar:/cs/student/johnsonku/.m2/repository/org/springframework/boot/spring-boot-test-autoconfigure/2.0.5.RELEASE/spring-boot-test-autoconfigure-2.0.5.RELEASE.jar:/cs/student/johnsonku/.m2/repository/com/jayway/jsonpath/json-path/2.4.0/json-path-2.4.0.jar:/cs/student/johnsonku/.m2/repository/junit/junit/4.12/junit-4.12.jar:/cs/student/johnsonku/.m2/repository/org/assertj/assertj-core/3.9.1/assertj-core-3.9.1.jar:/cs/student/johnsonku/.m2/repository/org/mockito/mockito-core/2.15.0/mockito-core-2.15.0.jar:/cs/student/johnsonku/.m2/repository/net/bytebuddy/byte-buddy/1.7.11/byte-buddy-1.7.11.jar:/cs/student/johnsonku/.m2/repository/net/bytebuddy/byte-buddy-agent/1.7.11/byte-buddy-agent-1.7.11.jar:/cs/student/johnsonku/.m2/repository/org/objenesis/objenesis/2.6/objenesis-2.6.jar:/cs/student/johnsonku/.m2/repository/org/hamcrest/hamcrest-core/1.3/hamcrest-core-1.3.jar:/cs/student/johnsonku/.m2/repository/org/hamcrest/hamcrest-library/1.3/hamcrest-library-1.3.jar:/cs/student/johnsonku/.m2/repository/org/skyscreamer/jsonassert/1.5.0/jsonassert-1.5.0.jar:/cs/student/johnsonku/.m2/repository/com/vaadin/external/google/android-json/0.0.20131108.vaadin1/android-json-0.0.20131108.vaadin1.jar:/cs/student/johnsonku/.m2/repository/org/springframework/spring-test/5.0.9.RELEASE/spring-test-5.0.9.RELEASE.jar:/cs/student/johnsonku/.m2/repository/org/xmlunit/xmlunit-core/2.5.1/xmlunit-core-2.5.1.jar:/cs/student/johnsonku/.m2/repository/org/webjars/font-awesome/5.11.2/font-awesome-5.11.2.jar:/cs/student/johnsonku/.m2/repository/org/thymeleaf/extras/thymeleaf-extras-springsecurity5/3.0.4.RELEASE/thymeleaf-extras-springsecurity5-3.0.4.RELEASE.jar:/cs/student/johnsonku/.m2/repository/org/slf4j/slf4j-api/1.7.25/slf4j-api-1.7.25.jar:/cs/student/johnsonku/.m2/repository/com/jcabi/jcabi-github/1.0/jcabi-github-1.0.jar:/cs/student/johnsonku/.m2/repository/com/jcabi/jcabi-aspects/0.22.5/jcabi-aspects-0.22.5.jar:/cs/student/johnsonku/.m2/repository/com/jcabi/jcabi-immutable/1.4/jcabi-immutable-1.4.jar:/cs/student/johnsonku/.m2/repository/com/jcabi/jcabi-xml/0.18.1/jcabi-xml-0.18.1.jar:/cs/student/johnsonku/.m2/repository/com/jcabi/jcabi-http/1.16/jcabi-http-1.16.jar:/cs/student/johnsonku/.m2/repository/com/jcabi/jcabi-manifests/1.1/jcabi-manifests-1.1.jar:/cs/student/johnsonku/.m2/repository/com/jcabi/incubator/xembly/0.22/xembly-0.22.jar:/cs/student/johnsonku/.m2/repository/org/antlr/antlr-runtime/3.5.2/antlr-runtime-3.5.2.jar:/cs/student/johnsonku/.m2/repository/com/jcabi/jcabi-log/0.17.2/jcabi-log-0.17.2.jar:/cs/student/johnsonku/.m2/repository/commons-io/commons-io/2.4/commons-io-2.4.jar:/cs/student/johnsonku/.m2/repository/org/apache/commons/commons-lang3/3.7/commons-lang3-3.7.jar:/cs/student/johnsonku/.m2/repository/com/google/guava/guava/19.0-rc2/guava-19.0-rc2.jar:/cs/student/johnsonku/.m2/repository/org/aspectj/aspectjrt/1.8.13/aspectjrt-1.8.13.jar:/cs/student/johnsonku/.m2/repository/org/glassfish/javax.json/1.0.4/javax.json-1.0.4.jar:/cs/student/johnsonku/.m2/repository/org/glassfish/jersey/core/jersey-server/2.26/jersey-server-2.26.jar:/cs/student/johnsonku/.m2/repository/org/glassfish/jersey/core/jersey-common/2.26/jersey-common-2.26.jar:/cs/student/johnsonku/.m2/repository/org/glassfish/hk2/osgi-resource-locator/1.0.1/osgi-resource-locator-1.0.1.jar:/cs/student/johnsonku/.m2/repository/org/glassfish/jersey/core/jersey-client/2.26/jersey-client-2.26.jar:/cs/student/johnsonku/.m2/repository/javax/ws/rs/javax.ws.rs-api/2.1/javax.ws.rs-api-2.1.jar:/cs/student/johnsonku/.m2/repository/org/glassfish/jersey/media/jersey-media-jaxb/2.26/jersey-media-jaxb-2.26.jar:/cs/student/johnsonku/.m2/repository/org/glassfish/hk2/external/javax.inject/2.5.0-b42/javax.inject-2.5.0-b42.jar:/cs/student/johnsonku/.m2/repository/org/apache/httpcomponents/httpcore/4.4.10/httpcore-4.4.10.jar:/cs/student/johnsonku/.m2/repository/org/apache/httpcomponents/httpclient/4.5.6/httpclient-4.5.6.jar:/cs/student/johnsonku/.m2/repository/commons-codec/commons-codec/1.11/commons-codec-1.11.jar:/cs/student/johnsonku/.m2/repository/javax/json/javax.json-api/1.1.4/javax.json-api-1.1.4.jar:"/>
    <property name="java.vm.vendor" value="Oracle Corporation"/>
    <property name="sun.arch.data.model" value="64"/>
    <property name="java.vendor.url" value="http://java.oracle.com/"/>
    <property name="user.timezone" value=""/>
    <property name="java.vm.specification.version" value="11"/>
    <property name="os.name" value="Linux"/>
    <property name="sun.java.launcher" value="SUN_STANDARD"/>
    <property name="user.country" value="US"/>
    <property name="sun.boot.library.path" value="/usr/lib/jvm/java-11-openjdk-11.0.4.11-0.fc29.x86_64/lib"/>
    <property name="sun.java.command" value="/cs/student/johnsonku/cs56/lab07-jku876/target/surefire/surefirebooter11140264390222545990.jar /cs/student/johnsonku/cs56/lab07-jku876/target/surefire 2019-11-07T18-26-28_217-jvmRun1 surefire15079909419448940399tmp surefire_01519715918599140239tmp"/>
    <property name="jdk.debug" value="release"/>
    <property name="surefire.test.class.path" value="/cs/student/johnsonku/cs56/lab07-jku876/target/test-classes:/cs/student/johnsonku/cs56/lab07-jku876/target/classes:/cs/student/johnsonku/.m2/repository/org/springframework/boot/spring-boot-starter-web/2.0.5.RELEASE/spring-boot-starter-web-2.0.5.RELEASE.jar:/cs/student/johnsonku/.m2/repository/org/springframework/boot/spring-boot-starter/2.0.5.RELEASE/spring-boot-starter-2.0.5.RELEASE.jar:/cs/student/johnsonku/.m2/repository/org/springframework/boot/spring-boot-starter-logging/2.0.5.RELEASE/spring-boot-starter-logging-2.0.5.RELEASE.jar:/cs/student/johnsonku/.m2/repository/ch/qos/logback/logback-classic/1.2.3/logback-classic-1.2.3.jar:/cs/student/johnsonku/.m2/repository/ch/qos/logback/logback-core/1.2.3/logback-core-1.2.3.jar:/cs/student/johnsonku/.m2/repository/org/apache/logging/log4j/log4j-to-slf4j/2.10.0/log4j-to-slf4j-2.10.0.jar:/cs/student/johnsonku/.m2/repository/org/apache/logging/log4j/log4j-api/2.10.0/log4j-api-2.10.0.jar:/cs/student/johnsonku/.m2/repository/org/slf4j/jul-to-slf4j/1.7.25/jul-to-slf4j-1.7.25.jar:/cs/student/johnsonku/.m2/repository/javax/annotation/javax.annotation-api/1.3.2/javax.annotation-api-1.3.2.jar:/cs/student/johnsonku/.m2/repository/org/yaml/snakeyaml/1.19/snakeyaml-1.19.jar:/cs/student/johnsonku/.m2/repository/org/springframework/boot/spring-boot-starter-json/2.0.5.RELEASE/spring-boot-starter-json-2.0.5.RELEASE.jar:/cs/student/johnsonku/.m2/repository/com/fasterxml/jackson/core/jackson-databind/2.9.6/jackson-databind-2.9.6.jar:/cs/student/johnsonku/.m2/repository/com/fasterxml/jackson/core/jackson-annotations/2.9.0/jackson-annotations-2.9.0.jar:/cs/student/johnsonku/.m2/repository/com/fasterxml/jackson/core/jackson-core/2.9.6/jackson-core-2.9.6.jar:/cs/student/johnsonku/.m2/repository/com/fasterxml/jackson/datatype/jackson-datatype-jdk8/2.9.6/jackson-datatype-jdk8-2.9.6.jar:/cs/student/johnsonku/.m2/repository/com/fasterxml/jackson/datatype/jackson-datatype-jsr310/2.9.6/jackson-datatype-jsr310-2.9.6.jar:/cs/student/johnsonku/.m2/repository/com/fasterxml/jackson/module/jackson-module-parameter-names/2.9.6/jackson-module-parameter-names-2.9.6.jar:/cs/student/johnsonku/.m2/repository/org/springframework/boot/spring-boot-starter-tomcat/2.0.5.RELEASE/spring-boot-starter-tomcat-2.0.5.RELEASE.jar:/cs/student/johnsonku/.m2/repository/org/apache/tomcat/embed/tomcat-embed-core/8.5.34/tomcat-embed-core-8.5.34.jar:/cs/student/johnsonku/.m2/repository/org/apache/tomcat/embed/tomcat-embed-el/8.5.34/tomcat-embed-el-8.5.34.jar:/cs/student/johnsonku/.m2/repository/org/apache/tomcat/embed/tomcat-embed-websocket/8.5.34/tomcat-embed-websocket-8.5.34.jar:/cs/student/johnsonku/.m2/repository/org/hibernate/validator/hibernate-validator/6.0.12.Final/hibernate-validator-6.0.12.Final.jar:/cs/student/johnsonku/.m2/repository/javax/validation/validation-api/2.0.1.Final/validation-api-2.0.1.Final.jar:/cs/student/johnsonku/.m2/repository/org/jboss/logging/jboss-logging/3.3.2.Final/jboss-logging-3.3.2.Final.jar:/cs/student/johnsonku/.m2/repository/com/fasterxml/classmate/1.3.4/classmate-1.3.4.jar:/cs/student/johnsonku/.m2/repository/org/springframework/spring-web/5.0.9.RELEASE/spring-web-5.0.9.RELEASE.jar:/cs/student/johnsonku/.m2/repository/org/springframework/spring-beans/5.0.9.RELEASE/spring-beans-5.0.9.RELEASE.jar:/cs/student/johnsonku/.m2/repository/org/springframework/spring-webmvc/5.0.9.RELEASE/spring-webmvc-5.0.9.RELEASE.jar:/cs/student/johnsonku/.m2/repository/org/springframework/spring-context/5.0.9.RELEASE/spring-context-5.0.9.RELEASE.jar:/cs/student/johnsonku/.m2/repository/org/springframework/spring-expression/5.0.9.RELEASE/spring-expression-5.0.9.RELEASE.jar:/cs/student/johnsonku/.m2/repository/org/springframework/boot/spring-boot-starter-thymeleaf/2.0.5.RELEASE/spring-boot-starter-thymeleaf-2.0.5.RELEASE.jar:/cs/student/johnsonku/.m2/repository/org/thymeleaf/thymeleaf-spring5/3.0.9.RELEASE/thymeleaf-spring5-3.0.9.RELEASE.jar:/cs/student/johnsonku/.m2/repository/org/thymeleaf/thymeleaf/3.0.9.RELEASE/thymeleaf-3.0.9.RELEASE.jar:/cs/student/johnsonku/.m2/repository/org/attoparser/attoparser/2.0.4.RELEASE/attoparser-2.0.4.RELEASE.jar:/cs/student/johnsonku/.m2/repository/org/unbescape/unbescape/1.1.5.RELEASE/unbescape-1.1.5.RELEASE.jar:/cs/student/johnsonku/.m2/repository/org/thymeleaf/extras/thymeleaf-extras-java8time/3.0.1.RELEASE/thymeleaf-extras-java8time-3.0.1.RELEASE.jar:/cs/student/johnsonku/.m2/repository/org/springframework/boot/spring-boot-starter-security/2.0.5.RELEASE/spring-boot-starter-security-2.0.5.RELEASE.jar:/cs/student/johnsonku/.m2/repository/org/springframework/spring-aop/5.0.9.RELEASE/spring-aop-5.0.9.RELEASE.jar:/cs/student/johnsonku/.m2/repository/org/springframework/security/spring-security-config/5.0.8.RELEASE/spring-security-config-5.0.8.RELEASE.jar:/cs/student/johnsonku/.m2/repository/org/springframework/security/spring-security-web/5.0.8.RELEASE/spring-security-web-5.0.8.RELEASE.jar:/cs/student/johnsonku/.m2/repository/org/springframework/boot/spring-boot-devtools/2.0.5.RELEASE/spring-boot-devtools-2.0.5.RELEASE.jar:/cs/student/johnsonku/.m2/repository/org/springframework/boot/spring-boot/2.0.5.RELEASE/spring-boot-2.0.5.RELEASE.jar:/cs/student/johnsonku/.m2/repository/org/springframework/boot/spring-boot-autoconfigure/2.0.5.RELEASE/spring-boot-autoconfigure-2.0.5.RELEASE.jar:/cs/student/johnsonku/.m2/repository/org/springframework/security/spring-security-oauth2-client/5.0.8.RELEASE/spring-security-oauth2-client-5.0.8.RELEASE.jar:/cs/student/johnsonku/.m2/repository/com/nimbusds/oauth2-oidc-sdk/5.64.4/oauth2-oidc-sdk-5.64.4.jar:/cs/student/johnsonku/.m2/repository/com/sun/mail/javax.mail/1.6.2/javax.mail-1.6.2.jar:/cs/student/johnsonku/.m2/repository/javax/activation/activation/1.1/activation-1.1.jar:/cs/student/johnsonku/.m2/repository/com/github/stephenc/jcip/jcip-annotations/1.0-1/jcip-annotations-1.0-1.jar:/cs/student/johnsonku/.m2/repository/net/minidev/json-smart/2.3/json-smart-2.3.jar:/cs/student/johnsonku/.m2/repository/net/minidev/accessors-smart/1.2/accessors-smart-1.2.jar:/cs/student/johnsonku/.m2/repository/org/ow2/asm/asm/5.0.4/asm-5.0.4.jar:/cs/student/johnsonku/.m2/repository/com/nimbusds/lang-tag/1.4.4/lang-tag-1.4.4.jar:/cs/student/johnsonku/.m2/repository/org/springframework/security/spring-security-core/5.0.8.RELEASE/spring-security-core-5.0.8.RELEASE.jar:/cs/student/johnsonku/.m2/repository/org/springframework/security/spring-security-oauth2-core/5.0.8.RELEASE/spring-security-oauth2-core-5.0.8.RELEASE.jar:/cs/student/johnsonku/.m2/repository/org/springframework/spring-core/5.0.9.RELEASE/spring-core-5.0.9.RELEASE.jar:/cs/student/johnsonku/.m2/repository/org/springframework/spring-jcl/5.0.9.RELEASE/spring-jcl-5.0.9.RELEASE.jar:/cs/student/johnsonku/.m2/repository/org/springframework/security/spring-security-oauth2-jose/5.0.8.RELEASE/spring-security-oauth2-jose-5.0.8.RELEASE.jar:/cs/student/johnsonku/.m2/repository/com/nimbusds/nimbus-jose-jwt/5.14/nimbus-jose-jwt-5.14.jar:/cs/student/johnsonku/.m2/repository/org/springframework/boot/spring-boot-starter-test/2.0.5.RELEASE/spring-boot-starter-test-2.0.5.RELEASE.jar:/cs/student/johnsonku/.m2/repository/org/springframework/boot/spring-boot-test/2.0.5.RELEASE/spring-boot-test-2.0.5.RELEASE.jar:/cs/student/johnsonku/.m2/repository/org/springframework/boot/spring-boot-test-autoconfigure/2.0.5.RELEASE/spring-boot-test-autoconfigure-2.0.5.RELEASE.jar:/cs/student/johnsonku/.m2/repository/com/jayway/jsonpath/json-path/2.4.0/json-path-2.4.0.jar:/cs/student/johnsonku/.m2/repository/junit/junit/4.12/junit-4.12.jar:/cs/student/johnsonku/.m2/repository/org/assertj/assertj-core/3.9.1/assertj-core-3.9.1.jar:/cs/student/johnsonku/.m2/repository/org/mockito/mockito-core/2.15.0/mockito-core-2.15.0.jar:/cs/student/johnsonku/.m2/repository/net/bytebuddy/byte-buddy/1.7.11/byte-buddy-1.7.11.jar:/cs/student/johnsonku/.m2/repository/net/bytebuddy/byte-buddy-agent/1.7.11/byte-buddy-agent-1.7.11.jar:/cs/student/johnsonku/.m2/repository/org/objenesis/objenesis/2.6/objenesis-2.6.jar:/cs/student/johnsonku/.m2/repository/org/hamcrest/hamcrest-core/1.3/hamcrest-core-1.3.jar:/cs/student/johnsonku/.m2/repository/org/hamcrest/hamcrest-library/1.3/hamcrest-library-1.3.jar:/cs/student/johnsonku/.m2/repository/org/skyscreamer/jsonassert/1.5.0/jsonassert-1.5.0.jar:/cs/student/johnsonku/.m2/repository/com/vaadin/external/google/android-json/0.0.20131108.vaadin1/android-json-0.0.20131108.vaadin1.jar:/cs/student/johnsonku/.m2/repository/org/springframework/spring-test/5.0.9.RELEASE/spring-test-5.0.9.RELEASE.jar:/cs/student/johnsonku/.m2/repository/org/xmlunit/xmlunit-core/2.5.1/xmlunit-core-2.5.1.jar:/cs/student/johnsonku/.m2/repository/org/webjars/font-awesome/5.11.2/font-awesome-5.11.2.jar:/cs/student/johnsonku/.m2/repository/org/thymeleaf/extras/thymeleaf-extras-springsecurity5/3.0.4.RELEASE/thymeleaf-extras-springsecurity5-3.0.4.RELEASE.jar:/cs/student/johnsonku/.m2/repository/org/slf4j/slf4j-api/1.7.25/slf4j-api-1.7.25.jar:/cs/student/johnsonku/.m2/repository/com/jcabi/jcabi-github/1.0/jcabi-github-1.0.jar:/cs/student/johnsonku/.m2/repository/com/jcabi/jcabi-aspects/0.22.5/jcabi-aspects-0.22.5.jar:/cs/student/johnsonku/.m2/repository/com/jcabi/jcabi-immutable/1.4/jcabi-immutable-1.4.jar:/cs/student/johnsonku/.m2/repository/com/jcabi/jcabi-xml/0.18.1/jcabi-xml-0.18.1.jar:/cs/student/johnsonku/.m2/repository/com/jcabi/jcabi-http/1.16/jcabi-http-1.16.jar:/cs/student/johnsonku/.m2/repository/com/jcabi/jcabi-manifests/1.1/jcabi-manifests-1.1.jar:/cs/student/johnsonku/.m2/repository/com/jcabi/incubator/xembly/0.22/xembly-0.22.jar:/cs/student/johnsonku/.m2/repository/org/antlr/antlr-runtime/3.5.2/antlr-runtime-3.5.2.jar:/cs/student/johnsonku/.m2/repository/com/jcabi/jcabi-log/0.17.2/jcabi-log-0.17.2.jar:/cs/student/johnsonku/.m2/repository/commons-io/commons-io/2.4/commons-io-2.4.jar:/cs/student/johnsonku/.m2/repository/org/apache/commons/commons-lang3/3.7/commons-lang3-3.7.jar:/cs/student/johnsonku/.m2/repository/com/google/guava/guava/19.0-rc2/guava-19.0-rc2.jar:/cs/student/johnsonku/.m2/repository/org/aspectj/aspectjrt/1.8.13/aspectjrt-1.8.13.jar:/cs/student/johnsonku/.m2/repository/org/glassfish/javax.json/1.0.4/javax.json-1.0.4.jar:/cs/student/johnsonku/.m2/repository/org/glassfish/jersey/core/jersey-server/2.26/jersey-server-2.26.jar:/cs/student/johnsonku/.m2/repository/org/glassfish/jersey/core/jersey-common/2.26/jersey-common-2.26.jar:/cs/student/johnsonku/.m2/repository/org/glassfish/hk2/osgi-resource-locator/1.0.1/osgi-resource-locator-1.0.1.jar:/cs/student/johnsonku/.m2/repository/org/glassfish/jersey/core/jersey-client/2.26/jersey-client-2.26.jar:/cs/student/johnsonku/.m2/repository/javax/ws/rs/javax.ws.rs-api/2.1/javax.ws.rs-api-2.1.jar:/cs/student/johnsonku/.m2/repository/org/glassfish/jersey/media/jersey-media-jaxb/2.26/jersey-media-jaxb-2.26.jar:/cs/student/johnsonku/.m2/repository/org/glassfish/hk2/external/javax.inject/2.5.0-b42/javax.inject-2.5.0-b42.jar:/cs/student/johnsonku/.m2/repository/org/apache/httpcomponents/httpcore/4.4.10/httpcore-4.4.10.jar:/cs/student/johnsonku/.m2/repository/org/apache/httpcomponents/httpclient/4.5.6/httpclient-4.5.6.jar:/cs/student/johnsonku/.m2/repository/commons-codec/commons-codec/1.11/commons-codec-1.11.jar:/cs/student/johnsonku/.m2/repository/javax/json/javax.json-api/1.1.4/javax.json-api-1.1.4.jar:"/>
    <property name="sun.cpu.endian" value="little"/>
    <property name="user.home" value="/cs/student/johnsonku"/>
    <property name="user.language" value="en"/>
    <property name="java.specification.vendor" value="Oracle Corporation"/>
    <property name="java.version.date" value="2019-07-16"/>
    <property name="java.home" value="/usr/lib/jvm/java-11-openjdk-11.0.4.11-0.fc29.x86_64"/>
    <property name="file.separator" value="/"/>
    <property name="basedir" value="/cs/student/johnsonku/cs56/lab07-jku876"/>
    <property name="java.vm.compressedOopsMode" value="Zero based"/>
    <property name="line.separator" value="&#10;"/>
    <property name="java.specification.name" value="Java Platform API Specification"/>
    <property name="java.vm.specification.vendor" value="Oracle Corporation"/>
    <property name="java.awt.graphicsenv" value="sun.awt.X11GraphicsEnvironment"/>
    <property name="surefire.real.class.path" value="/cs/student/johnsonku/cs56/lab07-jku876/target/surefire/surefirebooter11140264390222545990.jar"/>
    <property name="sun.management.compiler" value="HotSpot 64-Bit Tiered Compilers"/>
    <property name="java.runtime.version" value="11.0.4+11"/>
    <property name="user.name" value="johnsonku"/>
    <property name="path.separator" value=":"/>
    <property name="os.version" value="5.2.18-100.fc29.x86_64"/>
    <property name="java.runtime.name" value="OpenJDK Runtime Environment"/>
    <property name="file.encoding" value="UTF-8"/>
    <property name="java.vm.name" value="OpenJDK 64-Bit Server VM"/>
    <property name="java.vendor.version" value="18.9"/>
    <property name="localRepository" value="/cs/student/johnsonku/.m2/repository"/>
    <property name="java.vendor.url.bug" value="http://bugreport.java.com/bugreport/"/>
    <property name="java.io.tmpdir" value="/tmp"/>
    <property name="java.version" value="11.0.4"/>
    <property name="user.dir" value="/cs/student/johnsonku/cs56/lab07-jku876"/>
    <property name="os.arch" value="amd64"/>
    <property name="java.vm.specification.name" value="Java Virtual Machine Specification"/>
    <property name="java.awt.printerjob" value="sun.print.PSPrinterJob"/>
    <property name="sun.os.patch.level" value="unknown"/>
    <property name="java.library.path" value="/usr/java/packages/lib:/usr/lib64:/lib64:/lib:/usr/lib"/>
    <property name="java.vendor" value="Oracle Corporation"/>
    <property name="java.vm.info" value="mixed mode, sharing"/>
    <property name="java.vm.version" value="11.0.4+11"/>
    <property name="sun.io.unicode.encoding" value="UnicodeLittle"/>
    <property name="java.class.version" value="55.0"/>
  </properties>
  <testcase name="getHomePage_BootstrapLoaded" classname="hello.HomePageTest" time="0.295"/>
  <testcase name="getHomePage_hasCorrectTitle" classname="hello.HomePageTest" time="0.011"/>
  <testcase name="getHomePage_ContentType" classname="hello.HomePageTest" time="0.006"/>
</testsuite>